[0m15:36:04.300625 [debug] [MainThread]: Sending event: {'category': 'dbt', 'action': 'invocation', 'label': 'start', 'context': [<snowplow_tracker.self_describing_json.SelfDescribingJson object at 0x000002435FA16270>, <snowplow_tracker.self_describing_json.SelfDescribingJson object at 0x0000024360C298E0>, <snowplow_tracker.self_describing_json.SelfDescribingJson object at 0x000002435F9AC4D0>]}


============================== 15:36:04.349664 | 1e5b52c2-70ff-43fc-94c7-7a7d6abdbd21 ==============================
[0m15:36:04.349664 [info ] [MainThread]: Running with dbt=1.11.11
[0m15:36:04.349664 [debug] [MainThread]: running dbt with arguments {'version_check': 'True', 'no_print': 'None', 'static_parser': 'True', 'warn_error_options': 'WarnErrorOptionsV2(error=[], warn=[], silence=[])', 'target_path': 'None', 'printer_width': '80', 'write_json': 'True', 'introspect': 'True', 'log_cache_events': 'False', 'empty': 'None', 'cache_selected_only': 'False', 'log_format': 'default', 'debug': 'False', 'fail_fast': 'False', 'profiles_dir': 'C:\\Users\\prabu\\.dbt', 'send_anonymous_usage_stats': 'True', 'quiet': 'False', 'warn_error': 'None', 'partial_parse': 'True', 'use_colors': 'True', 'invocation_command': 'dbt init', 'indirect_selection': 'eager', 'use_experimental_parser': 'False', 'log_path': 'logs'}
[0m15:36:04.440056 [info ] [MainThread]: Creating dbt configuration folder at C:\Users\prabu\.dbt
[0m15:36:50.180111 [debug] [MainThread]: Starter project path: C:\Users\prabu\dbt_project\.venv\Lib\site-packages\dbt\include\starter_project
[0m15:36:50.211861 [info ] [MainThread]: 
Your new dbt project "dbt_project" was created!

For more information on how to configure the profiles.yml file,
please consult the dbt documentation here:

  https://docs.getdbt.com/docs/configure-your-profile

One more thing:

Need help? Don't hesitate to reach out to us via GitHub issues or on Slack:

  https://community.getdbt.com/

Happy modeling!

[0m15:36:50.211861 [info ] [MainThread]: Setting up your profile.
[0m15:37:27.867829 [debug] [MainThread]: Snowflake adapter: Setting snowflake.connector to ERROR (file logging only)
[0m15:37:27.868498 [debug] [MainThread]: Snowflake adapter: Setting botocore to ERROR (file logging only)
[0m15:37:27.868498 [debug] [MainThread]: Snowflake adapter: Setting boto3 to ERROR (file logging only)
[0m15:42:38.500862 [info ] [MainThread]: Profile dbt_project written to C:\Users\prabu\.dbt\profiles.yml using target's profile_template.yml and your supplied values. Run 'dbt debug' to validate the connection.
[0m15:42:38.506117 [debug] [MainThread]: Command `dbt init` succeeded at 15:42:38.506117 after 394.55 seconds
[0m15:42:38.506117 [debug] [MainThread]: Sending event: {'category': 'dbt', 'action': 'invocation', 'label': 'end', 'context': [<snowplow_tracker.self_describing_json.SelfDescribingJson object at 0x00000243612FF470>, <snowplow_tracker.self_describing_json.SelfDescribingJson object at 0x0000024363253500>, <snowplow_tracker.self_describing_json.SelfDescribingJson object at 0x0000024360FECDD0>]}
[0m15:42:38.508704 [debug] [MainThread]: Flushing usage events
[0m15:42:39.811016 [debug] [MainThread]: An error was encountered while trying to flush usage events
[0m15:43:44.349955 [debug] [MainThread]: Sending event: {'category': 'dbt', 'action': 'invocation', 'label': 'start', 'context': [<snowplow_tracker.self_describing_json.SelfDescribingJson object at 0x000001D82E202FC0>, <snowplow_tracker.self_describing_json.SelfDescribingJson object at 0x000001D82E517C20>, <snowplow_tracker.self_describing_json.SelfDescribingJson object at 0x000001D82E9011C0>]}


============================== 15:43:44.349955 | 0545193d-53d1-40e5-9e99-02d9872dabf1 ==============================
[0m15:43:44.349955 [info ] [MainThread]: Running with dbt=1.11.11
[0m15:43:44.349955 [debug] [MainThread]: running dbt with arguments {'version_check': 'True', 'no_print': 'None', 'static_parser': 'True', 'target_path': 'None', 'warn_error_options': 'WarnErrorOptionsV2(error=[], warn=[], silence=[])', 'printer_width': '80', 'write_json': 'True', 'introspect': 'True', 'log_cache_events': 'False', 'empty': 'None', 'cache_selected_only': 'False', 'fail_fast': 'False', 'debug': 'False', 'log_format': 'default', 'profiles_dir': 'C:\\Users\\prabu\\.dbt', 'send_anonymous_usage_stats': 'True', 'quiet': 'False', 'warn_error': 'None', 'partial_parse': 'True', 'indirect_selection': 'eager', 'invocation_command': 'dbt debug', 'use_colors': 'True', 'use_experimental_parser': 'False', 'log_path': 'logs'}
[0m15:43:44.382992 [info ] [MainThread]: dbt version: 1.11.11
[0m15:43:44.387156 [info ] [MainThread]: python version: 3.12.6
[0m15:43:44.388651 [info ] [MainThread]: python path: C:\Users\prabu\dbt_project\.venv\Scripts\python.exe
[0m15:43:44.389580 [info ] [MainThread]: os info: Windows-11-10.0.26200-SP0
[0m15:43:44.734437 [debug] [MainThread]: Snowflake adapter: Setting snowflake.connector to ERROR (file logging only)
[0m15:43:44.734437 [debug] [MainThread]: Snowflake adapter: Setting botocore to ERROR (file logging only)
[0m15:43:44.734437 [debug] [MainThread]: Snowflake adapter: Setting boto3 to ERROR (file logging only)
[0m15:43:44.782845 [info ] [MainThread]: Using profiles dir at C:\Users\prabu\.dbt
[0m15:43:44.782845 [info ] [MainThread]: Using profiles.yml file at C:\Users\prabu\.dbt\profiles.yml
[0m15:43:44.782845 [info ] [MainThread]: Using dbt_project.yml file at C:\Users\prabu\dbt_project\dbt_project.yml
[0m15:43:44.796479 [info ] [MainThread]: adapter type: snowflake
[0m15:43:44.797390 [info ] [MainThread]: adapter version: 1.11.6
[0m15:43:44.797390 [info ] [MainThread]: Configuration:
[0m15:43:44.798650 [info ] [MainThread]:   profiles.yml file [[32mOK found and valid[0m]
[0m15:43:44.799251 [info ] [MainThread]:   dbt_project.yml file [[31mERROR not found[0m]
[0m15:43:44.799251 [info ] [MainThread]: Required dependencies:
[0m15:43:44.800773 [debug] [MainThread]: Executing "git --help"
[0m15:43:44.865952 [debug] [MainThread]: STDOUT: "b"usage: git [-v | --version] [-h | --help] [-C <path>] [-c <name>=<value>]\n           [--exec-path[=<path>]] [--html-path] [--man-path] [--info-path]\n           [-p | --paginate | -P | --no-pager] [--no-replace-objects] [--no-lazy-fetch]\n           [--no-optional-locks] [--no-advice] [--bare] [--git-dir=<path>]\n           [--work-tree=<path>] [--namespace=<name>] [--config-env=<name>=<envvar>]\n           <command> [<args>]\n\nThese are common Git commands used in various situations:\n\nstart a working area (see also: git help tutorial)\n   clone      Clone a repository into a new directory\n   init       Create an empty Git repository or reinitialize an existing one\n\nwork on the current change (see also: git help everyday)\n   add        Add file contents to the index\n   mv         Move or rename a file, a directory, or a symlink\n   restore    Restore working tree files\n   rm         Remove files from the working tree and from the index\n\nexamine the history and state (see also: git help revisions)\n   bisect     Use binary search to find the commit that introduced a bug\n   diff       Show changes between commits, commit and working tree, etc\n   grep       Print lines matching a pattern\n   log        Show commit logs\n   show       Show various types of objects\n   status     Show the working tree status\n\ngrow, mark and tweak your common history\n   backfill   Download missing objects in a partial clone\n   branch     List, create, or delete branches\n   commit     Record changes to the repository\n   history    EXPERIMENTAL: Rewrite history\n   merge      Join two or more development histories together\n   rebase     Reapply commits on top of another base tip\n   reset      Set `HEAD` or the index to a known state\n   switch     Switch branches\n   tag        Create, list, delete or verify tags\n\ncollaborate (see also: git help workflows)\n   fetch      Download objects and refs from another repository\n   pull       Fetch from and integrate with another repository or a local branch\n   push       Update remote refs along with associated objects\n\n'git help -a' and 'git help -g' list available subcommands and some\nconcept guides. See 'git help <command>' or 'git help <concept>'\nto read about a specific subcommand or concept.\nSee 'git help git' for an overview of the system.\n""
[0m15:43:44.866959 [debug] [MainThread]: STDERR: "b''"
[0m15:43:44.866959 [info ] [MainThread]:  - git [[32mOK found[0m]

[0m15:43:44.866959 [info ] [MainThread]: Connection:
[0m15:43:44.866959 [info ] [MainThread]:   account: RBCYXOT-EK44209
[0m15:43:44.866959 [info ] [MainThread]:   user: PRABU
[0m15:43:44.866959 [info ] [MainThread]:   database: dbt_schema
[0m15:43:44.866959 [info ] [MainThread]:   warehouse: dbt_wh
[0m15:43:44.866959 [info ] [MainThread]:   role: ACCOUNTADMIN
[0m15:43:44.866959 [info ] [MainThread]:   schema: dbt_schema
[0m15:43:44.866959 [info ] [MainThread]:   authenticator: None
[0m15:43:44.866959 [info ] [MainThread]:   oauth_client_id: None
[0m15:43:44.866959 [info ] [MainThread]:   query_tag: None
[0m15:43:44.866959 [info ] [MainThread]:   client_session_keep_alive: False
[0m15:43:44.866959 [info ] [MainThread]:   host: None
[0m15:43:44.873738 [info ] [MainThread]:   port: None
[0m15:43:44.873738 [info ] [MainThread]:   proxy_host: None
[0m15:43:44.874925 [info ] [MainThread]:   proxy_port: None
[0m15:43:44.875920 [info ] [MainThread]:   protocol: None
[0m15:43:44.875920 [info ] [MainThread]:   connect_retries: 1
[0m15:43:44.875920 [info ] [MainThread]:   connect_timeout: None
[0m15:43:44.875920 [info ] [MainThread]:   retry_on_database_errors: False
[0m15:43:44.878919 [info ] [MainThread]:   retry_all: False
[0m15:43:44.878919 [info ] [MainThread]:   insecure_mode: False
[0m15:43:44.878919 [info ] [MainThread]:   reuse_connections: True
[0m15:43:44.878919 [info ] [MainThread]:   s3_stage_vpce_dns_name: None
[0m15:43:44.878919 [info ] [MainThread]:   platform_detection_timeout_seconds: 0.0
[0m15:43:44.878919 [info ] [MainThread]: Registered adapter: snowflake=1.11.6
[0m15:43:45.121999 [debug] [MainThread]: Acquiring new snowflake connection 'debug'
[0m15:43:45.218576 [debug] [MainThread]: Using snowflake connection "debug"
[0m15:43:45.218576 [debug] [MainThread]: On debug: select 1 as id
[0m15:43:45.218576 [debug] [MainThread]: Opening a new connection, currently in state init
[0m15:43:46.869600 [debug] [MainThread]: SQL status: SUCCESS 1 in 1.647 seconds
[0m15:43:46.871363 [info ] [MainThread]:   Connection test: [[32mOK connection ok[0m]

[0m15:43:46.871363 [info ] [MainThread]: [31m1 check failed:[0m
[0m15:43:46.872890 [info ] [MainThread]: Project loading failed for the following reason:
 project path <C:\Users\prabu\dbt_project\dbt_project.yml> not found

[0m15:43:46.875963 [debug] [MainThread]: Command `dbt debug` failed at 15:43:46.875963 after 2.77 seconds
[0m15:43:46.875963 [debug] [MainThread]: Connection 'debug' was left open.
[0m15:43:46.875963 [debug] [MainThread]: On debug: Close
[0m15:43:47.015878 [debug] [MainThread]: Sending event: {'category': 'dbt', 'action': 'invocation', 'label': 'end', 'context': [<snowplow_tracker.self_describing_json.SelfDescribingJson object at 0x000001D8312D0D40>, <snowplow_tracker.self_describing_json.SelfDescribingJson object at 0x000001D83069F470>, <snowplow_tracker.self_describing_json.SelfDescribingJson object at 0x000001D82E517C20>]}
[0m15:43:47.015878 [debug] [MainThread]: Flushing usage events
[0m15:43:48.263789 [debug] [MainThread]: An error was encountered while trying to flush usage events
[0m16:14:22.828079 [debug] [MainThread]: Sending event: {'category': 'dbt', 'action': 'invocation', 'label': 'start', 'context': [<snowplow_tracker.self_describing_json.SelfDescribingJson object at 0x00000186CEC97F80>, <snowplow_tracker.self_describing_json.SelfDescribingJson object at 0x00000186D0A1AF60>, <snowplow_tracker.self_describing_json.SelfDescribingJson object at 0x00000186CEAD71D0>]}


============================== 16:14:22.832844 | 4fc0e474-2d57-45ef-9567-cfb10164a473 ==============================
[0m16:14:22.832844 [info ] [MainThread]: Running with dbt=1.11.11
[0m16:14:22.833852 [debug] [MainThread]: running dbt with arguments {'version_check': 'True', 'no_print': 'None', 'static_parser': 'True', 'target_path': 'None', 'warn_error_options': 'WarnErrorOptionsV2(error=[], warn=[], silence=[])', 'printer_width': '80', 'write_json': 'True', 'empty': 'None', 'log_cache_events': 'False', 'introspect': 'True', 'cache_selected_only': 'False', 'log_format': 'default', 'debug': 'False', 'fail_fast': 'False', 'profiles_dir': 'C:\\Users\\prabu\\.dbt', 'send_anonymous_usage_stats': 'True', 'quiet': 'False', 'warn_error': 'None', 'partial_parse': 'True', 'use_colors': 'True', 'indirect_selection': 'eager', 'invocation_command': 'dbt deps', 'use_experimental_parser': 'False', 'log_path': 'logs'}
[0m16:14:22.833852 [error] [MainThread]: Encountered an error:
Runtime Error
  No dbt_project.yml found at expected path C:\Users\prabu\dbt_project\dbt_project.yml
  Verify that each entry within packages.yml (and their transitive dependencies) contains a file named dbt_project.yml
  
[0m16:14:22.833852 [debug] [MainThread]: Command `dbt deps` failed at 16:14:22.833852 after 0.31 seconds
[0m16:14:22.833852 [debug] [MainThread]: Sending event: {'category': 'dbt', 'action': 'invocation', 'label': 'end', 'context': [<snowplow_tracker.self_describing_json.SelfDescribingJson object at 0x00000186D0896C00>, <snowplow_tracker.self_describing_json.SelfDescribingJson object at 0x00000186D10063C0>, <snowplow_tracker.self_describing_json.SelfDescribingJson object at 0x00000186D1230BC0>]}
[0m16:14:22.833852 [debug] [MainThread]: Flushing usage events
[0m16:14:23.843795 [debug] [MainThread]: An error was encountered while trying to flush usage events
[0m16:16:12.206061 [debug] [MainThread]: Sending event: {'category': 'dbt', 'action': 'invocation', 'label': 'start', 'context': [<snowplow_tracker.self_describing_json.SelfDescribingJson object at 0x00000214F6BF9250>, <snowplow_tracker.self_describing_json.SelfDescribingJson object at 0x00000214F64E2DB0>, <snowplow_tracker.self_describing_json.SelfDescribingJson object at 0x00000214F64E3D40>]}


============================== 16:16:12.213972 | acd66ccc-b02c-402e-af79-86cd49d6c6f7 ==============================
[0m16:16:12.213972 [info ] [MainThread]: Running with dbt=1.11.11
[0m16:16:12.213972 [debug] [MainThread]: running dbt with arguments {'static_parser': 'True', 'no_print': 'None', 'version_check': 'True', 'target_path': 'None', 'warn_error_options': 'WarnErrorOptionsV2(error=[], warn=[], silence=[])', 'printer_width': '80', 'write_json': 'True', 'empty': 'None', 'log_cache_events': 'False', 'introspect': 'True', 'cache_selected_only': 'False', 'fail_fast': 'False', 'debug': 'False', 'log_format': 'default', 'profiles_dir': 'C:\\Users\\prabu\\.dbt', 'send_anonymous_usage_stats': 'True', 'quiet': 'False', 'warn_error': 'None', 'partial_parse': 'True', 'invocation_command': 'dbt deps', 'use_colors': 'True', 'indirect_selection': 'eager', 'use_experimental_parser': 'False', 'log_path': 'logs'}
[0m16:16:12.213972 [error] [MainThread]: Encountered an error:
Runtime Error
  No dbt_project.yml found at expected path C:\Users\prabu\dbt_project\dbt_project.yml
  Verify that each entry within packages.yml (and their transitive dependencies) contains a file named dbt_project.yml
  
[0m16:16:12.215980 [debug] [MainThread]: Command `dbt deps` failed at 16:16:12.215980 after 0.15 seconds
[0m16:16:12.215980 [debug] [MainThread]: Sending event: {'category': 'dbt', 'action': 'invocation', 'label': 'end', 'context': [<snowplow_tracker.self_describing_json.SelfDescribingJson object at 0x00000214F6E7BEF0>, <snowplow_tracker.self_describing_json.SelfDescribingJson object at 0x00000214F6813140>, <snowplow_tracker.self_describing_json.SelfDescribingJson object at 0x00000214F8404E90>]}
[0m16:16:12.215980 [debug] [MainThread]: Flushing usage events
[0m16:16:13.323266 [debug] [MainThread]: An error was encountered while trying to flush usage events
[0m16:16:57.593536 [debug] [MainThread]: Sending event: {'category': 'dbt', 'action': 'invocation', 'label': 'start', 'context': [<snowplow_tracker.self_describing_json.SelfDescribingJson object at 0x0000020BD82B0D10>, <snowplow_tracker.self_describing_json.SelfDescribingJson object at 0x0000020BDBDEB560>, <snowplow_tracker.self_describing_json.SelfDescribingJson object at 0x0000020BDBDEB9E0>]}


============================== 16:16:57.597550 | eed3f084-b8e6-4cfc-8cba-9272a79cc6ae ==============================
[0m16:16:57.597550 [info ] [MainThread]: Running with dbt=1.11.11
[0m16:16:57.597550 [debug] [MainThread]: running dbt with arguments {'static_parser': 'True', 'no_print': 'None', 'version_check': 'True', 'target_path': 'None', 'warn_error_options': 'WarnErrorOptionsV2(error=[], warn=[], silence=[])', 'printer_width': '80', 'write_json': 'True', 'introspect': 'True', 'log_cache_events': 'False', 'empty': 'None', 'cache_selected_only': 'False', 'fail_fast': 'False', 'debug': 'False', 'log_format': 'default', 'profiles_dir': 'C:\\Users\\prabu\\.dbt', 'send_anonymous_usage_stats': 'True', 'quiet': 'False', 'warn_error': 'None', 'partial_parse': 'True', 'invocation_command': 'dbt deps', 'indirect_selection': 'eager', 'use_colors': 'True', 'use_experimental_parser': 'False', 'log_path': 'logs'}
[0m16:16:57.597550 [error] [MainThread]: Encountered an error:
Runtime Error
  No dbt_project.yml found at expected path C:\Users\prabu\dbt_project\dbt_project.yml
  Verify that each entry within packages.yml (and their transitive dependencies) contains a file named dbt_project.yml
  
[0m16:16:57.599557 [debug] [MainThread]: Command `dbt deps` failed at 16:16:57.599557 after 0.15 seconds
[0m16:16:57.599557 [debug] [MainThread]: Sending event: {'category': 'dbt', 'action': 'invocation', 'label': 'end', 'context': [<snowplow_tracker.self_describing_json.SelfDescribingJson object at 0x0000020BDBE09730>, <snowplow_tracker.self_describing_json.SelfDescribingJson object at 0x0000020BDBEA0620>, <snowplow_tracker.self_describing_json.SelfDescribingJson object at 0x0000020BDD1A4FE0>]}
[0m16:16:57.599557 [debug] [MainThread]: Flushing usage events
[0m16:16:58.920901 [debug] [MainThread]: An error was encountered while trying to flush usage events
[0m16:17:31.844278 [debug] [MainThread]: Sending event: {'category': 'dbt', 'action': 'invocation', 'label': 'start', 'context': [<snowplow_tracker.self_describing_json.SelfDescribingJson object at 0x0000018AEE21DD30>, <snowplow_tracker.self_describing_json.SelfDescribingJson object at 0x0000018AEA81ECC0>, <snowplow_tracker.self_describing_json.SelfDescribingJson object at 0x0000018AEDF29520>]}


============================== 16:17:31.846285 | a9248db2-7427-4bfd-820b-2f2beb8963f7 ==============================
[0m16:17:31.846285 [info ] [MainThread]: Running with dbt=1.11.11
[0m16:17:31.846285 [debug] [MainThread]: running dbt with arguments {'version_check': 'True', 'no_print': 'None', 'static_parser': 'True', 'warn_error_options': 'WarnErrorOptionsV2(error=[], warn=[], silence=[])', 'target_path': 'None', 'printer_width': '80', 'write_json': 'True', 'introspect': 'True', 'log_cache_events': 'False', 'empty': 'None', 'cache_selected_only': 'False', 'log_format': 'default', 'debug': 'False', 'fail_fast': 'False', 'partial_parse': 'True', 'send_anonymous_usage_stats': 'True', 'quiet': 'False', 'warn_error': 'None', 'profiles_dir': 'C:\\Users\\prabu\\.dbt', 'use_colors': 'True', 'indirect_selection': 'eager', 'invocation_command': 'dbt deps', 'use_experimental_parser': 'False', 'log_path': 'logs'}
[0m16:17:31.846285 [error] [MainThread]: Encountered an error:
Runtime Error
  No dbt_project.yml found at expected path C:\Users\prabu\dbt_project\dbt_project.yml
  Verify that each entry within packages.yml (and their transitive dependencies) contains a file named dbt_project.yml
  
[0m16:17:31.851894 [debug] [MainThread]: Command `dbt deps` failed at 16:17:31.851894 after 0.16 seconds
[0m16:17:31.852476 [debug] [MainThread]: Sending event: {'category': 'dbt', 'action': 'invocation', 'label': 'end', 'context': [<snowplow_tracker.self_describing_json.SelfDescribingJson object at 0x0000018AED895640>, <snowplow_tracker.self_describing_json.SelfDescribingJson object at 0x0000018AEDEF64B0>, <snowplow_tracker.self_describing_json.SelfDescribingJson object at 0x0000018AEE754FB0>]}
[0m16:17:31.852476 [debug] [MainThread]: Flushing usage events
[0m16:17:33.021556 [debug] [MainThread]: An error was encountered while trying to flush usage events
[0m16:22:30.360132 [debug] [MainThread]: Sending event: {'category': 'dbt', 'action': 'invocation', 'label': 'start', 'context': [<snowplow_tracker.self_describing_json.SelfDescribingJson object at 0x0000026EAF093FE0>, <snowplow_tracker.self_describing_json.SelfDescribingJson object at 0x0000026EAF372A20>, <snowplow_tracker.self_describing_json.SelfDescribingJson object at 0x0000026EAF711AF0>]}


============================== 16:22:30.367275 | c2bc276a-71e9-400a-9881-20369716813a ==============================
[0m16:22:30.367275 [info ] [MainThread]: Running with dbt=1.11.11
[0m16:22:30.367275 [debug] [MainThread]: running dbt with arguments {'static_parser': 'True', 'no_print': 'None', 'version_check': 'True', 'warn_error_options': 'WarnErrorOptionsV2(error=[], warn=[], silence=[])', 'target_path': 'None', 'printer_width': '80', 'write_json': 'True', 'introspect': 'True', 'log_cache_events': 'False', 'empty': 'None', 'cache_selected_only': 'False', 'fail_fast': 'False', 'debug': 'False', 'log_format': 'default', 'profiles_dir': 'C:\\Users\\prabu\\.dbt', 'send_anonymous_usage_stats': 'True', 'quiet': 'False', 'warn_error': 'None', 'partial_parse': 'True', 'indirect_selection': 'eager', 'use_colors': 'True', 'invocation_command': 'dbt deps', 'use_experimental_parser': 'False', 'log_path': 'logs'}
[0m16:22:30.367275 [error] [MainThread]: Encountered an error:
Runtime Error
  No dbt_project.yml found at expected path C:\Users\prabu\dbt_project\dbt_project.yml
  Verify that each entry within packages.yml (and their transitive dependencies) contains a file named dbt_project.yml
  
[0m16:22:30.367275 [debug] [MainThread]: Command `dbt deps` failed at 16:22:30.367275 after 0.31 seconds
[0m16:22:30.367275 [debug] [MainThread]: Sending event: {'category': 'dbt', 'action': 'invocation', 'label': 'end', 'context': [<snowplow_tracker.self_describing_json.SelfDescribingJson object at 0x0000026EAF711AF0>, <snowplow_tracker.self_describing_json.SelfDescribingJson object at 0x0000026EAEE8A210>, <snowplow_tracker.self_describing_json.SelfDescribingJson object at 0x0000026EAF597080>]}
[0m16:22:30.374034 [debug] [MainThread]: Flushing usage events
[0m16:22:31.294495 [debug] [MainThread]: An error was encountered while trying to flush usage events
[0m16:31:21.117240 [debug] [MainThread]: Sending event: {'category': 'dbt', 'action': 'invocation', 'label': 'start', 'context': [<snowplow_tracker.self_describing_json.SelfDescribingJson object at 0x000001FBEBE458E0>, <snowplow_tracker.self_describing_json.SelfDescribingJson object at 0x000001FBE9AE6BD0>, <snowplow_tracker.self_describing_json.SelfDescribingJson object at 0x000001FBEC3154C0>]}


============================== 16:31:21.117240 | 0c3b8562-f7dd-497c-a422-77441dc815b1 ==============================
[0m16:31:21.117240 [info ] [MainThread]: Running with dbt=1.11.11
[0m16:31:21.117240 [debug] [MainThread]: running dbt with arguments {'static_parser': 'True', 'no_print': 'None', 'version_check': 'True', 'target_path': 'None', 'warn_error_options': 'WarnErrorOptionsV2(error=[], warn=[], silence=[])', 'printer_width': '80', 'write_json': 'True', 'empty': 'False', 'log_cache_events': 'False', 'introspect': 'True', 'cache_selected_only': 'False', 'fail_fast': 'False', 'debug': 'False', 'log_format': 'default', 'profiles_dir': 'C:\\Users\\prabu\\.dbt', 'send_anonymous_usage_stats': 'True', 'quiet': 'False', 'warn_error': 'None', 'partial_parse': 'True', 'use_colors': 'True', 'indirect_selection': 'eager', 'invocation_command': 'dbt run', 'use_experimental_parser': 'False', 'log_path': 'logs'}
[0m16:31:21.122388 [error] [MainThread]: Encountered an error:
Runtime Error
  No dbt_project.yml found at expected path C:\Users\prabu\dbt_project\dbt_project.yml
  Verify that each entry within packages.yml (and their transitive dependencies) contains a file named dbt_project.yml
  
[0m16:31:21.122388 [debug] [MainThread]: Command `dbt run` failed at 16:31:21.122388 after 0.27 seconds
[0m16:31:21.122388 [debug] [MainThread]: Sending event: {'category': 'dbt', 'action': 'invocation', 'label': 'end', 'context': [<snowplow_tracker.self_describing_json.SelfDescribingJson object at 0x000001FBECE19970>, <snowplow_tracker.self_describing_json.SelfDescribingJson object at 0x000001FBEC3154C0>, <snowplow_tracker.self_describing_json.SelfDescribingJson object at 0x000001FBEBE458E0>]}
[0m16:31:21.122388 [debug] [MainThread]: Flushing usage events
[0m16:31:22.132570 [debug] [MainThread]: An error was encountered while trying to flush usage events
[0m16:40:13.183894 [debug] [MainThread]: Sending event: {'category': 'dbt', 'action': 'invocation', 'label': 'start', 'context': [<snowplow_tracker.self_describing_json.SelfDescribingJson object at 0x000001DC9E40ED80>, <snowplow_tracker.self_describing_json.SelfDescribingJson object at 0x000001DCA14855B0>, <snowplow_tracker.self_describing_json.SelfDescribingJson object at 0x000001DCA14852B0>]}


============================== 16:40:13.190875 | d533515e-c213-4505-b93b-6275c0146ced ==============================
[0m16:40:13.190875 [info ] [MainThread]: Running with dbt=1.11.11
[0m16:40:13.190875 [debug] [MainThread]: running dbt with arguments {'version_check': 'True', 'no_print': 'None', 'static_parser': 'True', 'target_path': 'None', 'warn_error_options': 'WarnErrorOptionsV2(error=[], warn=[], silence=[])', 'printer_width': '80', 'write_json': 'True', 'empty': 'False', 'log_cache_events': 'False', 'introspect': 'True', 'cache_selected_only': 'False', 'log_format': 'default', 'debug': 'False', 'fail_fast': 'False', 'partial_parse': 'True', 'send_anonymous_usage_stats': 'True', 'quiet': 'False', 'warn_error': 'None', 'profiles_dir': 'C:\\Users\\prabu\\.dbt', 'invocation_command': 'dbt run', 'use_colors': 'True', 'indirect_selection': 'eager', 'use_experimental_parser': 'False', 'log_path': 'logs'}
[0m16:40:13.190875 [error] [MainThread]: Encountered an error:
Runtime Error
  No dbt_project.yml found at expected path C:\Users\prabu\dbt_project\dbt_project.yml
  Verify that each entry within packages.yml (and their transitive dependencies) contains a file named dbt_project.yml
  
[0m16:40:13.190875 [debug] [MainThread]: Command `dbt run` failed at 16:40:13.190875 after 0.25 seconds
[0m16:40:13.190875 [debug] [MainThread]: Sending event: {'category': 'dbt', 'action': 'invocation', 'label': 'end', 'context': [<snowplow_tracker.self_describing_json.SelfDescribingJson object at 0x000001DCA0EC53A0>, <snowplow_tracker.self_describing_json.SelfDescribingJson object at 0x000001DCA3332CC0>, <snowplow_tracker.self_describing_json.SelfDescribingJson object at 0x000001DCA1403DA0>]}
[0m16:40:13.190875 [debug] [MainThread]: Flushing usage events
[0m16:40:14.260227 [debug] [MainThread]: An error was encountered while trying to flush usage events
